14:56:52:115 [main] INFO  testCases.TC001_searchText - ******** Starting TC_001_searchText ********
14:56:55:990 [main] INFO  testCases.TC001_searchText - ******** verify if search Text box is displayed on home page ********
14:56:56:037 [main] INFO  testCases.TC001_searchText - ****** Enter text to search and click on search button ******** 
14:57:14:695 [main] INFO  testCases.TC001_searchText - ****** verify you are searchResult page ******** 
14:57:14:734 [main] INFO  testCases.TC001_searchText - ****** Verify if first search result is exact match of entered text******** 
14:57:14:766 [main] INFO  testCases.TC001_searchText - ******** Finished TC_001_searchText ********
14:58:00:171 [main] INFO  testCases.TC001_searchText - ******** Starting TC_001_searchText ********
14:58:04:050 [main] INFO  testCases.TC001_searchText - ******** verify if search Text box is displayed on home page ********
14:58:04:094 [main] INFO  testCases.TC001_searchText - ****** Enter text to search and click on search button ******** 
14:58:21:914 [main] INFO  testCases.TC001_searchText - ****** verify you are searchResult page ******** 
14:58:21:961 [main] INFO  testCases.TC001_searchText - ****** Verify if first search result is exact match of entered text******** 
14:58:21:990 [main] INFO  testCases.TC001_searchText - ******** Finished TC_001_searchText ********
14:58:28:501 [main] INFO  testCases.TC002_verifyNumberOfCenters - ******** Starting TC_002_verifyCenter********
14:58:28:502 [main] INFO  testCases.TC002_verifyNumberOfCenters - ******** clicking on find center button********
14:58:49:901 [main] INFO  testCases.TC002_verifyNumberOfCenters - ******** Verify that newly open page contains /child-care-locator as a part of its URL ********
14:58:49:930 [main] INFO  testCases.TC002_verifyNumberOfCenters - *****Type New York into search box and press Enter ****
14:59:38:243 [main] INFO  testCases.TC001_searchText - ******** Starting TC_001_searchText ********
14:59:42:219 [main] INFO  testCases.TC001_searchText - ******** verify if search Text box is displayed on home page ********
14:59:42:269 [main] INFO  testCases.TC001_searchText - ****** Enter text to search and click on search button ******** 
14:59:59:622 [main] INFO  testCases.TC001_searchText - ****** verify you are searchResult page ******** 
15:00:06:680 [main] INFO  testCases.TC002_verifyNumberOfCenters - ******** Starting TC_002_verifyCenter********
15:00:06:680 [main] INFO  testCases.TC002_verifyNumberOfCenters - ******** clicking on find center button********
15:00:28:088 [main] INFO  testCases.TC002_verifyNumberOfCenters - ******** Verify that newly open page contains /child-care-locator as a part of its URL ********
15:00:28:107 [main] INFO  testCases.TC002_verifyNumberOfCenters - *****Type New York into search box and press Enter ****
15:07:07:993 [main] INFO  testCases.TC001_searchText - ******** Starting TC_001_searchText ********
15:07:11:946 [main] INFO  testCases.TC001_searchText - ******** verify if search Text box is displayed on home page ********
15:07:11:991 [main] INFO  testCases.TC001_searchText - ****** Enter text to search and click on search button ******** 
15:07:29:410 [main] INFO  testCases.TC001_searchText - ****** verify you are searchResult page ******** 
15:07:29:449 [main] INFO  testCases.TC001_searchText - ****** Verify if first search result is exact match of entered text******** 
15:07:29:476 [main] ERROR testCases.TC001_searchText - Test Failed....
15:07:29:476 [main] DEBUG testCases.TC001_searchText - Debug logs...
15:07:35:716 [main] INFO  testCases.TC002_verifyNumberOfCenters - ******** Starting TC_002_verifyCenter********
15:07:35:716 [main] INFO  testCases.TC002_verifyNumberOfCenters - ******** clicking on find center button********
15:07:57:141 [main] INFO  testCases.TC002_verifyNumberOfCenters - ******** Verify that newly open page contains /child-care-locator as a part of its URL ********
15:07:57:158 [main] INFO  testCases.TC002_verifyNumberOfCenters - *****Type New York into search box and press Enter ****
15:56:36:891 [main] INFO  testCases.TC001_searchText - ******** Starting TC_001_searchText ********
15:56:40:701 [main] INFO  testCases.TC001_searchText - ******** verify if search Text box is displayed on home page ********
15:56:40:741 [main] INFO  testCases.TC001_searchText - ****** Enter text to search and click on search button ******** 
15:56:58:568 [main] INFO  testCases.TC001_searchText - ****** verify you are searchResult page ******** 
15:56:58:619 [main] INFO  testCases.TC001_searchText - ****** Verify if first search result is exact match of entered text******** 
15:56:58:642 [main] ERROR testCases.TC001_searchText - Test Failed....
15:56:58:642 [main] DEBUG testCases.TC001_searchText - Debug logs...
15:57:06:552 [main] INFO  testCases.TC002_verifyNumberOfCenters - ******** Starting TC_002_verifyCenter********
15:57:06:552 [main] INFO  testCases.TC002_verifyNumberOfCenters - ******** clicking on find center button********
15:57:27:943 [main] INFO  testCases.TC002_verifyNumberOfCenters - ******** Verify that newly open page contains /child-care-locator as a part of its URL ********
15:57:27:979 [main] INFO  testCases.TC002_verifyNumberOfCenters - *****Type New York into search box and press Enter ****
15:58:12:687 [main] INFO  testCases.TC001_searchText - ******** Starting TC_001_searchText ********
15:58:16:666 [main] INFO  testCases.TC001_searchText - ******** verify if search Text box is displayed on home page ********
15:58:16:713 [main] INFO  testCases.TC001_searchText - ****** Enter text to search and click on search button ******** 
15:58:34:098 [main] INFO  testCases.TC001_searchText - ****** verify you are searchResult page ******** 
15:58:34:145 [main] INFO  testCases.TC001_searchText - ****** Verify if first search result is exact match of entered text******** 
15:58:34:168 [main] ERROR testCases.TC001_searchText - Test Failed....
15:58:34:168 [main] DEBUG testCases.TC001_searchText - Debug logs...
